<?xml version="1.0" encoding="UTF-8"?>
<testsuite xmlns:xsi="http://www.w3.org/2001/XMLSchema-instance" xsi:noNamespaceSchemaLocation="https://maven.apache.org/surefire/maven-surefire-plugin/xsd/surefire-test-report-3.0.xsd" version="3.0" name="runner.TestRunner" time="4.786" tests="1" errors="1" skipped="0" failures="0">
  <properties>
    <property name="java.specification.version" value="17"/>
    <property name="sun.cpu.isalist" value="amd64"/>
    <property name="sun.jnu.encoding" value="Cp1252"/>
    <property name="java.class.path" value="C:\WorkspaceApi\Java\Web\DesafioWebJava\target\test-classes;C:\WorkspaceApi\Java\Web\DesafioWebJava\target\classes;C:\Users\nathalia.bim\.m2\repository\org\seleniumhq\selenium\selenium-java\3.141.59\selenium-java-3.141.59.jar;C:\Users\nathalia.bim\.m2\repository\org\seleniumhq\selenium\selenium-api\3.141.59\selenium-api-3.141.59.jar;C:\Users\nathalia.bim\.m2\repository\org\seleniumhq\selenium\selenium-chrome-driver\3.141.59\selenium-chrome-driver-3.141.59.jar;C:\Users\nathalia.bim\.m2\repository\org\seleniumhq\selenium\selenium-edge-driver\3.141.59\selenium-edge-driver-3.141.59.jar;C:\Users\nathalia.bim\.m2\repository\org\seleniumhq\selenium\selenium-firefox-driver\3.141.59\selenium-firefox-driver-3.141.59.jar;C:\Users\nathalia.bim\.m2\repository\org\seleniumhq\selenium\selenium-ie-driver\3.141.59\selenium-ie-driver-3.141.59.jar;C:\Users\nathalia.bim\.m2\repository\org\seleniumhq\selenium\selenium-opera-driver\3.141.59\selenium-opera-driver-3.141.59.jar;C:\Users\nathalia.bim\.m2\repository\org\seleniumhq\selenium\selenium-remote-driver\3.141.59\selenium-remote-driver-3.141.59.jar;C:\Users\nathalia.bim\.m2\repository\org\seleniumhq\selenium\selenium-safari-driver\3.141.59\selenium-safari-driver-3.141.59.jar;C:\Users\nathalia.bim\.m2\repository\org\seleniumhq\selenium\selenium-support\3.141.59\selenium-support-3.141.59.jar;C:\Users\nathalia.bim\.m2\repository\net\bytebuddy\byte-buddy\1.8.15\byte-buddy-1.8.15.jar;C:\Users\nathalia.bim\.m2\repository\org\apache\commons\commons-exec\1.3\commons-exec-1.3.jar;C:\Users\nathalia.bim\.m2\repository\com\google\guava\guava\25.0-jre\guava-25.0-jre.jar;C:\Users\nathalia.bim\.m2\repository\com\google\code\findbugs\jsr305\1.3.9\jsr305-1.3.9.jar;C:\Users\nathalia.bim\.m2\repository\org\checkerframework\checker-compat-qual\2.0.0\checker-compat-qual-2.0.0.jar;C:\Users\nathalia.bim\.m2\repository\com\google\errorprone\error_prone_annotations\2.1.3\error_prone_annotations-2.1.3.jar;C:\Users\nathalia.bim\.m2\repository\com\google\j2objc\j2objc-annotations\1.1\j2objc-annotations-1.1.jar;C:\Users\nathalia.bim\.m2\repository\org\codehaus\mojo\animal-sniffer-annotations\1.14\animal-sniffer-annotations-1.14.jar;C:\Users\nathalia.bim\.m2\repository\com\squareup\okhttp3\okhttp\3.11.0\okhttp-3.11.0.jar;C:\Users\nathalia.bim\.m2\repository\com\squareup\okio\okio\1.14.0\okio-1.14.0.jar;C:\Users\nathalia.bim\.m2\repository\io\cucumber\cucumber-java\6.10.4\cucumber-java-6.10.4.jar;C:\Users\nathalia.bim\.m2\repository\io\cucumber\cucumber-core\6.10.4\cucumber-core-6.10.4.jar;C:\Users\nathalia.bim\.m2\repository\io\cucumber\cucumber-gherkin\6.10.4\cucumber-gherkin-6.10.4.jar;C:\Users\nathalia.bim\.m2\repository\io\cucumber\cucumber-gherkin-messages\6.10.4\cucumber-gherkin-messages-6.10.4.jar;C:\Users\nathalia.bim\.m2\repository\io\cucumber\messages\15.0.0\messages-15.0.0.jar;C:\Users\nathalia.bim\.m2\repository\io\cucumber\tag-expressions\3.0.1\tag-expressions-3.0.1.jar;C:\Users\nathalia.bim\.m2\repository\io\cucumber\cucumber-expressions\10.3.0\cucumber-expressions-10.3.0.jar;C:\Users\nathalia.bim\.m2\repository\io\cucumber\datatable\3.5.0\datatable-3.5.0.jar;C:\Users\nathalia.bim\.m2\repository\io\cucumber\cucumber-plugin\6.10.4\cucumber-plugin-6.10.4.jar;C:\Users\nathalia.bim\.m2\repository\io\cucumber\docstring\6.10.4\docstring-6.10.4.jar;C:\Users\nathalia.bim\.m2\repository\io\cucumber\html-formatter\13.0.0\html-formatter-13.0.0.jar;C:\Users\nathalia.bim\.m2\repository\io\cucumber\create-meta\4.0.0\create-meta-4.0.0.jar;C:\Users\nathalia.bim\.m2\repository\org\apiguardian\apiguardian-api\1.1.1\apiguardian-api-1.1.1.jar;C:\Users\nathalia.bim\.m2\repository\io\cucumber\cucumber-junit\6.10.4\cucumber-junit-6.10.4.jar;C:\Users\nathalia.bim\.m2\repository\junit\junit\4.13.2\junit-4.13.2.jar;C:\Users\nathalia.bim\.m2\repository\org\hamcrest\hamcrest-core\1.3\hamcrest-core-1.3.jar;C:\Users\nathalia.bim\.m2\repository\io\github\bonigarcia\webdrivermanager\5.0.3\webdrivermanager-5.0.3.jar;C:\Users\nathalia.bim\.m2\repository\org\slf4j\slf4j-api\1.7.32\slf4j-api-1.7.32.jar;C:\Users\nathalia.bim\.m2\repository\com\google\code\gson\gson\2.8.8\gson-2.8.8.jar;C:\Users\nathalia.bim\.m2\repository\org\jsoup\jsoup\1.14.2\jsoup-1.14.2.jar;C:\Users\nathalia.bim\.m2\repository\com\github\docker-java\docker-java\3.2.12\docker-java-3.2.12.jar;C:\Users\nathalia.bim\.m2\repository\com\github\docker-java\docker-java-core\3.2.12\docker-java-core-3.2.12.jar;C:\Users\nathalia.bim\.m2\repository\com\github\docker-java\docker-java-api\3.2.12\docker-java-api-3.2.12.jar;C:\Users\nathalia.bim\.m2\repository\com\fasterxml\jackson\core\jackson-annotations\2.10.3\jackson-annotations-2.10.3.jar;C:\Users\nathalia.bim\.m2\repository\commons-io\commons-io\2.6\commons-io-2.6.jar;C:\Users\nathalia.bim\.m2\repository\org\apache\commons\commons-compress\1.21\commons-compress-1.21.jar;C:\Users\nathalia.bim\.m2\repository\commons-lang\commons-lang\2.6\commons-lang-2.6.jar;C:\Users\nathalia.bim\.m2\repository\com\fasterxml\jackson\core\jackson-databind\2.10.3\jackson-databind-2.10.3.jar;C:\Users\nathalia.bim\.m2\repository\com\fasterxml\jackson\core\jackson-core\2.10.3\jackson-core-2.10.3.jar;C:\Users\nathalia.bim\.m2\repository\org\bouncycastle\bcpkix-jdk15on\1.64\bcpkix-jdk15on-1.64.jar;C:\Users\nathalia.bim\.m2\repository\org\bouncycastle\bcprov-jdk15on\1.64\bcprov-jdk15on-1.64.jar;C:\Users\nathalia.bim\.m2\repository\org\slf4j\jcl-over-slf4j\1.7.30\jcl-over-slf4j-1.7.30.jar;C:\Users\nathalia.bim\.m2\repository\com\github\docker-java\docker-java-transport-httpclient5\3.2.12\docker-java-transport-httpclient5-3.2.12.jar;C:\Users\nathalia.bim\.m2\repository\com\github\docker-java\docker-java-transport\3.2.12\docker-java-transport-3.2.12.jar;C:\Users\nathalia.bim\.m2\repository\org\apache\httpcomponents\client5\httpclient5\5.0.3\httpclient5-5.0.3.jar;C:\Users\nathalia.bim\.m2\repository\org\apache\httpcomponents\core5\httpcore5\5.0.2\httpcore5-5.0.2.jar;C:\Users\nathalia.bim\.m2\repository\commons-codec\commons-codec\1.13\commons-codec-1.13.jar;C:\Users\nathalia.bim\.m2\repository\net\java\dev\jna\jna\5.8.0\jna-5.8.0.jar;C:\Users\nathalia.bim\.m2\repository\org\brotli\dec\0.1.2\dec-0.1.2.jar;"/>
    <property name="java.vm.vendor" value="Oracle Corporation"/>
    <property name="sun.arch.data.model" value="64"/>
    <property name="user.variant" value=""/>
    <property name="java.vendor.url" value="https://java.oracle.com/"/>
    <property name="user.timezone" value="America/Sao_Paulo"/>
    <property name="os.name" value="Windows 11"/>
    <property name="java.vm.specification.version" value="17"/>
    <property name="sun.java.launcher" value="SUN_STANDARD"/>
    <property name="user.country" value="BR"/>
    <property name="sun.boot.library.path" value="C:\Program Files\Java\jdk-17\bin"/>
    <property name="sun.java.command" value="C:\Users\nathalia.bim\AppData\Local\Temp\surefire8281733069973095342\surefirebooter5301797357397319121.jar C:\Users\nathalia.bim\AppData\Local\Temp\surefire8281733069973095342 2025-09-17T16-17-59_022-jvmRun1 surefire7703432862422604574tmp surefire_03370903983638669641tmp"/>
    <property name="jdk.debug" value="release"/>
    <property name="surefire.test.class.path" value="C:\WorkspaceApi\Java\Web\DesafioWebJava\target\test-classes;C:\WorkspaceApi\Java\Web\DesafioWebJava\target\classes;C:\Users\nathalia.bim\.m2\repository\org\seleniumhq\selenium\selenium-java\3.141.59\selenium-java-3.141.59.jar;C:\Users\nathalia.bim\.m2\repository\org\seleniumhq\selenium\selenium-api\3.141.59\selenium-api-3.141.59.jar;C:\Users\nathalia.bim\.m2\repository\org\seleniumhq\selenium\selenium-chrome-driver\3.141.59\selenium-chrome-driver-3.141.59.jar;C:\Users\nathalia.bim\.m2\repository\org\seleniumhq\selenium\selenium-edge-driver\3.141.59\selenium-edge-driver-3.141.59.jar;C:\Users\nathalia.bim\.m2\repository\org\seleniumhq\selenium\selenium-firefox-driver\3.141.59\selenium-firefox-driver-3.141.59.jar;C:\Users\nathalia.bim\.m2\repository\org\seleniumhq\selenium\selenium-ie-driver\3.141.59\selenium-ie-driver-3.141.59.jar;C:\Users\nathalia.bim\.m2\repository\org\seleniumhq\selenium\selenium-opera-driver\3.141.59\selenium-opera-driver-3.141.59.jar;C:\Users\nathalia.bim\.m2\repository\org\seleniumhq\selenium\selenium-remote-driver\3.141.59\selenium-remote-driver-3.141.59.jar;C:\Users\nathalia.bim\.m2\repository\org\seleniumhq\selenium\selenium-safari-driver\3.141.59\selenium-safari-driver-3.141.59.jar;C:\Users\nathalia.bim\.m2\repository\org\seleniumhq\selenium\selenium-support\3.141.59\selenium-support-3.141.59.jar;C:\Users\nathalia.bim\.m2\repository\net\bytebuddy\byte-buddy\1.8.15\byte-buddy-1.8.15.jar;C:\Users\nathalia.bim\.m2\repository\org\apache\commons\commons-exec\1.3\commons-exec-1.3.jar;C:\Users\nathalia.bim\.m2\repository\com\google\guava\guava\25.0-jre\guava-25.0-jre.jar;C:\Users\nathalia.bim\.m2\repository\com\google\code\findbugs\jsr305\1.3.9\jsr305-1.3.9.jar;C:\Users\nathalia.bim\.m2\repository\org\checkerframework\checker-compat-qual\2.0.0\checker-compat-qual-2.0.0.jar;C:\Users\nathalia.bim\.m2\repository\com\google\errorprone\error_prone_annotations\2.1.3\error_prone_annotations-2.1.3.jar;C:\Users\nathalia.bim\.m2\repository\com\google\j2objc\j2objc-annotations\1.1\j2objc-annotations-1.1.jar;C:\Users\nathalia.bim\.m2\repository\org\codehaus\mojo\animal-sniffer-annotations\1.14\animal-sniffer-annotations-1.14.jar;C:\Users\nathalia.bim\.m2\repository\com\squareup\okhttp3\okhttp\3.11.0\okhttp-3.11.0.jar;C:\Users\nathalia.bim\.m2\repository\com\squareup\okio\okio\1.14.0\okio-1.14.0.jar;C:\Users\nathalia.bim\.m2\repository\io\cucumber\cucumber-java\6.10.4\cucumber-java-6.10.4.jar;C:\Users\nathalia.bim\.m2\repository\io\cucumber\cucumber-core\6.10.4\cucumber-core-6.10.4.jar;C:\Users\nathalia.bim\.m2\repository\io\cucumber\cucumber-gherkin\6.10.4\cucumber-gherkin-6.10.4.jar;C:\Users\nathalia.bim\.m2\repository\io\cucumber\cucumber-gherkin-messages\6.10.4\cucumber-gherkin-messages-6.10.4.jar;C:\Users\nathalia.bim\.m2\repository\io\cucumber\messages\15.0.0\messages-15.0.0.jar;C:\Users\nathalia.bim\.m2\repository\io\cucumber\tag-expressions\3.0.1\tag-expressions-3.0.1.jar;C:\Users\nathalia.bim\.m2\repository\io\cucumber\cucumber-expressions\10.3.0\cucumber-expressions-10.3.0.jar;C:\Users\nathalia.bim\.m2\repository\io\cucumber\datatable\3.5.0\datatable-3.5.0.jar;C:\Users\nathalia.bim\.m2\repository\io\cucumber\cucumber-plugin\6.10.4\cucumber-plugin-6.10.4.jar;C:\Users\nathalia.bim\.m2\repository\io\cucumber\docstring\6.10.4\docstring-6.10.4.jar;C:\Users\nathalia.bim\.m2\repository\io\cucumber\html-formatter\13.0.0\html-formatter-13.0.0.jar;C:\Users\nathalia.bim\.m2\repository\io\cucumber\create-meta\4.0.0\create-meta-4.0.0.jar;C:\Users\nathalia.bim\.m2\repository\org\apiguardian\apiguardian-api\1.1.1\apiguardian-api-1.1.1.jar;C:\Users\nathalia.bim\.m2\repository\io\cucumber\cucumber-junit\6.10.4\cucumber-junit-6.10.4.jar;C:\Users\nathalia.bim\.m2\repository\junit\junit\4.13.2\junit-4.13.2.jar;C:\Users\nathalia.bim\.m2\repository\org\hamcrest\hamcrest-core\1.3\hamcrest-core-1.3.jar;C:\Users\nathalia.bim\.m2\repository\io\github\bonigarcia\webdrivermanager\5.0.3\webdrivermanager-5.0.3.jar;C:\Users\nathalia.bim\.m2\repository\org\slf4j\slf4j-api\1.7.32\slf4j-api-1.7.32.jar;C:\Users\nathalia.bim\.m2\repository\com\google\code\gson\gson\2.8.8\gson-2.8.8.jar;C:\Users\nathalia.bim\.m2\repository\org\jsoup\jsoup\1.14.2\jsoup-1.14.2.jar;C:\Users\nathalia.bim\.m2\repository\com\github\docker-java\docker-java\3.2.12\docker-java-3.2.12.jar;C:\Users\nathalia.bim\.m2\repository\com\github\docker-java\docker-java-core\3.2.12\docker-java-core-3.2.12.jar;C:\Users\nathalia.bim\.m2\repository\com\github\docker-java\docker-java-api\3.2.12\docker-java-api-3.2.12.jar;C:\Users\nathalia.bim\.m2\repository\com\fasterxml\jackson\core\jackson-annotations\2.10.3\jackson-annotations-2.10.3.jar;C:\Users\nathalia.bim\.m2\repository\commons-io\commons-io\2.6\commons-io-2.6.jar;C:\Users\nathalia.bim\.m2\repository\org\apache\commons\commons-compress\1.21\commons-compress-1.21.jar;C:\Users\nathalia.bim\.m2\repository\commons-lang\commons-lang\2.6\commons-lang-2.6.jar;C:\Users\nathalia.bim\.m2\repository\com\fasterxml\jackson\core\jackson-databind\2.10.3\jackson-databind-2.10.3.jar;C:\Users\nathalia.bim\.m2\repository\com\fasterxml\jackson\core\jackson-core\2.10.3\jackson-core-2.10.3.jar;C:\Users\nathalia.bim\.m2\repository\org\bouncycastle\bcpkix-jdk15on\1.64\bcpkix-jdk15on-1.64.jar;C:\Users\nathalia.bim\.m2\repository\org\bouncycastle\bcprov-jdk15on\1.64\bcprov-jdk15on-1.64.jar;C:\Users\nathalia.bim\.m2\repository\org\slf4j\jcl-over-slf4j\1.7.30\jcl-over-slf4j-1.7.30.jar;C:\Users\nathalia.bim\.m2\repository\com\github\docker-java\docker-java-transport-httpclient5\3.2.12\docker-java-transport-httpclient5-3.2.12.jar;C:\Users\nathalia.bim\.m2\repository\com\github\docker-java\docker-java-transport\3.2.12\docker-java-transport-3.2.12.jar;C:\Users\nathalia.bim\.m2\repository\org\apache\httpcomponents\client5\httpclient5\5.0.3\httpclient5-5.0.3.jar;C:\Users\nathalia.bim\.m2\repository\org\apache\httpcomponents\core5\httpcore5\5.0.2\httpcore5-5.0.2.jar;C:\Users\nathalia.bim\.m2\repository\commons-codec\commons-codec\1.13\commons-codec-1.13.jar;C:\Users\nathalia.bim\.m2\repository\net\java\dev\jna\jna\5.8.0\jna-5.8.0.jar;C:\Users\nathalia.bim\.m2\repository\org\brotli\dec\0.1.2\dec-0.1.2.jar;"/>
    <property name="sun.cpu.endian" value="little"/>
    <property name="user.home" value="C:\Users\nathalia.bim"/>
    <property name="user.language" value="pt"/>
    <property name="java.specification.vendor" value="Oracle Corporation"/>
    <property name="java.version.date" value="2024-04-16"/>
    <property name="java.home" value="C:\Program Files\Java\jdk-17"/>
    <property name="file.separator" value="\"/>
    <property name="basedir" value="C:\WorkspaceApi\Java\Web\DesafioWebJava"/>
    <property name="java.vm.compressedOopsMode" value="Zero based"/>
    <property name="line.separator" value="&#10;"/>
    <property name="java.vm.specification.vendor" value="Oracle Corporation"/>
    <property name="java.specification.name" value="Java Platform API Specification"/>
    <property name="surefire.real.class.path" value="C:\Users\nathalia.bim\AppData\Local\Temp\surefire8281733069973095342\surefirebooter5301797357397319121.jar"/>
    <property name="user.script" value=""/>
    <property name="sun.management.compiler" value="HotSpot 64-Bit Tiered Compilers"/>
    <property name="java.runtime.version" value="17.0.11+7-LTS-207"/>
    <property name="user.name" value="nathalia.bim"/>
    <property name="path.separator" value=";"/>
    <property name="os.version" value="10.0"/>
    <property name="java.runtime.name" value="Java(TM) SE Runtime Environment"/>
    <property name="file.encoding" value="Cp1252"/>
    <property name="java.vm.name" value="Java HotSpot(TM) 64-Bit Server VM"/>
    <property name="localRepository" value="C:\Users\nathalia.bim\.m2\repository"/>
    <property name="java.vendor.url.bug" value="https://bugreport.java.com/bugreport/"/>
    <property name="java.io.tmpdir" value="C:\Users\nathalia.bim\AppData\Local\Temp\"/>
    <property name="java.version" value="17.0.11"/>
    <property name="user.dir" value="C:\WorkspaceApi\Java\Web\DesafioWebJava"/>
    <property name="os.arch" value="amd64"/>
    <property name="java.vm.specification.name" value="Java Virtual Machine Specification"/>
    <property name="sun.os.patch.level" value=""/>
    <property name="native.encoding" value="Cp1252"/>
    <property name="java.library.path" value="C:\Program Files\Java\jdk-17\bin;C:\WINDOWS\Sun\Java\bin;C:\WINDOWS\system32;C:\WINDOWS;C:\Program Files\Common Files\Oracle\Java\javapath;C:\Program Files (x86)\Common Files\Oracle\Java\javapath;C:\WINDOWS\system32;C:\WINDOWS;C:\WINDOWS\System32\Wbem;C:\WINDOWS\System32\WindowsPowerShell\v1.0\;C:\WINDOWS\System32\OpenSSH\;C:\Program Files\nodejs\;C:\apache-maven-3.9.11\bin;C:\Users\nathalia.bim\AppData\Local\Microsoft\WindowsApps;C:\Users\nathalia.bim\AppData\Local\Programs\Microsoft VS Code\bin;C:\Users\nathalia.bim\AppData\Roaming\npm;."/>
    <property name="java.vm.info" value="mixed mode, sharing"/>
    <property name="java.vendor" value="Oracle Corporation"/>
    <property name="java.vm.version" value="17.0.11+7-LTS-207"/>
    <property name="sun.io.unicode.encoding" value="UnicodeLittle"/>
    <property name="java.class.version" value="61.0"/>
  </properties>
  <testcase name="Test Scenario" classname="Test Feature" time="4.024">
    <error message="session not created: This version of ChromeDriver only supports Chrome version 114&#10;Current browser version is 140.0.7339.128 with binary path C:\Users\nathalia.bim\AppData\Local\Google\Chrome\Application\chrome.exe&#10;Build info: version: &apos;3.141.59&apos;, revision: &apos;e82be7d358&apos;, time: &apos;2018-11-14T08:17:03&apos;&#10;System info: host: &apos;LP1969&apos;, ip: &apos;172.22.200.243&apos;, os.name: &apos;Windows 11&apos;, os.arch: &apos;amd64&apos;, os.version: &apos;10.0&apos;, java.version: &apos;17.0.11&apos;&#10;Driver info: driver.version: ChromeDriver&#10;remote stacktrace: Backtrace:&#10;	GetHandleVerifier [0x011BA813+48355]&#10;	(No symbol) [0x0114C4B1]&#10;	(No symbol) [0x01055358]&#10;	(No symbol) [0x010761AC]&#10;	(No symbol) [0x01071EF3]&#10;	(No symbol) [0x01070579]&#10;	(No symbol) [0x010A0C55]&#10;	(No symbol) [0x010A093C]&#10;	(No symbol) [0x0109A536]&#10;	(No symbol) [0x010782DC]&#10;	(No symbol) [0x010793DD]&#10;	GetHandleVerifier [0x0141AABD+2539405]&#10;	GetHandleVerifier [0x0145A78F+2800735]&#10;	GetHandleVerifier [0x0145456C+2775612]&#10;	GetHandleVerifier [0x012451E0+616112]&#10;	(No symbol) [0x01155F8C]&#10;	(No symbol) [0x01152328]&#10;	(No symbol) [0x0115240B]&#10;	(No symbol) [0x01144FF7]&#10;	BaseThreadInitThunk [0x764A5D49+25]&#10;	RtlInitializeExceptionChain [0x76F1D1AB+107]&#10;	RtlGetAppContainerNamedObjectPath [0x76F1D131+561]&#10;" type="org.openqa.selenium.SessionNotCreatedException"><![CDATA[org.openqa.selenium.SessionNotCreatedException: 
session not created: This version of ChromeDriver only supports Chrome version 114
Current browser version is 140.0.7339.128 with binary path C:\Users\nathalia.bim\AppData\Local\Google\Chrome\Application\chrome.exe
Build info: version: '3.141.59', revision: 'e82be7d358', time: '2018-11-14T08:17:03'
System info: host: 'LP1969', ip: '172.22.200.243', os.name: 'Windows 11', os.arch: 'amd64', os.version: '10.0', java.version: '17.0.11'
Driver info: driver.version: ChromeDriver
remote stacktrace: Backtrace:
	GetHandleVerifier [0x011BA813+48355]
	(No symbol) [0x0114C4B1]
	(No symbol) [0x01055358]
	(No symbol) [0x010761AC]
	(No symbol) [0x01071EF3]
	(No symbol) [0x01070579]
	(No symbol) [0x010A0C55]
	(No symbol) [0x010A093C]
	(No symbol) [0x0109A536]
	(No symbol) [0x010782DC]
	(No symbol) [0x010793DD]
	GetHandleVerifier [0x0141AABD+2539405]
	GetHandleVerifier [0x0145A78F+2800735]
	GetHandleVerifier [0x0145456C+2775612]
	GetHandleVerifier [0x012451E0+616112]
	(No symbol) [0x01155F8C]
	(No symbol) [0x01152328]
	(No symbol) [0x0115240B]
	(No symbol) [0x01144FF7]
	BaseThreadInitThunk [0x764A5D49+25]
	RtlInitializeExceptionChain [0x76F1D1AB+107]
	RtlGetAppContainerNamedObjectPath [0x76F1D131+561]

]]></error>
    <system-out><![CDATA[
Scenario: Test Scenario                        &amp#27;[90m# src/test/resources/features/login.feature:3&amp#27;[0m
      &amp#27;[31morg.openqa.selenium.SessionNotCreatedException: session not created: This version of ChromeDriver only supports Chrome version 114
Current browser version is 140.0.7339.128 with binary path C:\Users\nathalia.bim\AppData\Local\Google\Chrome\Application\chrome.exe
Build info: version: '3.141.59', revision: 'e82be7d358', time: '2018-11-14T08:17:03'
System info: host: 'LP1969', ip: '172.22.200.243', os.name: 'Windows 11', os.arch: 'amd64', os.version: '10.0', java.version: '17.0.11'
Driver info: driver.version: ChromeDriver
remote stacktrace: Backtrace:
	GetHandleVerifier [0x011BA813+48355]
	(No symbol) [0x0114C4B1]
	(No symbol) [0x01055358]
	(No symbol) [0x010761AC]
	(No symbol) [0x01071EF3]
	(No symbol) [0x01070579]
	(No symbol) [0x010A0C55]
	(No symbol) [0x010A093C]
	(No symbol) [0x0109A536]
	(No symbol) [0x010782DC]
	(No symbol) [0x010793DD]
	GetHandleVerifier [0x0141AABD+2539405]
	GetHandleVerifier [0x0145A78F+2800735]
	GetHandleVerifier [0x0145456C+2775612]
	GetHandleVerifier [0x012451E0+616112]
	(No symbol) [0x01155F8C]
	(No symbol) [0x01152328]
	(No symbol) [0x0115240B]
	(No symbol) [0x01144FF7]
	BaseThreadInitThunk [0x764A5D49+25]
	RtlInitializeExceptionChain [0x76F1D1AB+107]
	RtlGetAppContainerNamedObjectPath [0x76F1D131+561]

	at java.base/jdk.internal.reflect.NativeConstructorAccessorImpl.newInstance0(Native Method)
	at java.base/jdk.internal.reflect.NativeConstructorAccessorImpl.newInstance(NativeConstructorAccessorImpl.java:77)
	at java.base/jdk.internal.reflect.DelegatingConstructorAccessorImpl.newInstance(DelegatingConstructorAccessorImpl.java:45)
	at java.base/java.lang.reflect.Constructor.newInstanceWithCaller(Constructor.java:499)
	at java.base/java.lang.reflect.Constructor.newInstance(Constructor.java:480)
	at org.openqa.selenium.remote.W3CHandshakeResponse.lambda$errorHandler$0(W3CHandshakeResponse.java:62)
	at org.openqa.selenium.remote.HandshakeResponse.lambda$getResponseFunction$0(HandshakeResponse.java:30)
	at org.openqa.selenium.remote.ProtocolHandshake.lambda$createSession$0(ProtocolHandshake.java:126)
	at java.base/java.util.stream.ReferencePipeline$3$1.accept(ReferencePipeline.java:197)
	at java.base/java.util.Spliterators$ArraySpliterator.tryAdvance(Spliterators.java:1002)
	at java.base/java.util.stream.ReferencePipeline.forEachWithCancel(ReferencePipeline.java:129)
	at java.base/java.util.stream.AbstractPipeline.copyIntoWithCancel(AbstractPipeline.java:527)
	at java.base/java.util.stream.AbstractPipeline.copyInto(AbstractPipeline.java:513)
	at java.base/java.util.stream.AbstractPipeline.wrapAndCopyInto(AbstractPipeline.java:499)
	at java.base/java.util.stream.FindOps$FindOp.evaluateSequential(FindOps.java:150)
	at java.base/java.util.stream.AbstractPipeline.evaluate(AbstractPipeline.java:234)
	at java.base/java.util.stream.ReferencePipeline.findFirst(ReferencePipeline.java:647)
	at org.openqa.selenium.remote.ProtocolHandshake.createSession(ProtocolHandshake.java:128)
	at org.openqa.selenium.remote.ProtocolHandshake.createSession(ProtocolHandshake.java:74)
	at org.openqa.selenium.remote.HttpCommandExecutor.execute(HttpCommandExecutor.java:136)
	at org.openqa.selenium.remote.service.DriverCommandExecutor.execute(DriverCommandExecutor.java:83)
	at org.openqa.selenium.remote.RemoteWebDriver.execute(RemoteWebDriver.java:552)
	at org.openqa.selenium.remote.RemoteWebDriver.startSession(RemoteWebDriver.java:213)
	at org.openqa.selenium.remote.RemoteWebDriver.<init>(RemoteWebDriver.java:131)
	at org.openqa.selenium.chrome.ChromeDriver.<init>(ChromeDriver.java:181)
	at org.openqa.selenium.chrome.ChromeDriver.<init>(ChromeDriver.java:168)
	at org.openqa.selenium.chrome.ChromeDriver.<init>(ChromeDriver.java:123)
	at hooks.Hooks.setUp(Hooks.java:15)
&amp#27;[0m
  &amp#27;[36mGiven &amp#27;[0m&amp#27;[36mI am on the login page&amp#27;[0m                 &amp#27;[90m# stepdefinitions.loginSteps.i_am_on_the_login_page()&amp#27;[0m
  &amp#27;[36mThen &amp#27;[0m&amp#27;[36mI should see the site title &amp#27;[0m&amp#27;[36m&amp#27;[1m"Swag Labs"&amp#27;[0m &amp#27;[90m# stepdefinitions.loginSteps.i_should_see_the_site_title(java.lang.String)&amp#27;[0m
]]></system-out>
    <system-err><![CDATA[SLF4J: Failed to load class "org.slf4j.impl.StaticLoggerBinder".
SLF4J: Defaulting to no-operation (NOP) logger implementation
SLF4J: See http://www.slf4j.org/codes.html#StaticLoggerBinder for further details.
Starting ChromeDriver 114.0.5735.90 (386bc09e8f4f2e025eddae123f36f6263096ae49-refs/branch-heads/5735@{#1052}) on port 8335
Only local connections are allowed.
Please see https://chromedriver.chromium.org/security-considerations for suggestions on keeping ChromeDriver safe.
ChromeDriver was started successfully.
]]></system-err>
  </testcase>
</testsuite>